<?xml version="1.0" encoding="UTF-8"?>
<!-- Generated by org.testng.reporters.JUnitXMLReporter -->
<testsuite ignored="0" hostname="asofuoglu" failures="8" tests="8" name="Api Tests" time="1.259" errors="0" timestamp="22 Nov 2022 08:49:22 GMT">
  <testcase classname="test.VowelTest" name="vowelTest" time="0.034">
    <failure type="java.lang.NoClassDefFoundError" message="Could not initialize class org.codehaus.groovy.vmplugin.v7.Java7">
      <![CDATA[java.lang.NoClassDefFoundError: Could not initialize class org.codehaus.groovy.vmplugin.v7.Java7
at org.codehaus.groovy.vmplugin.VMPluginFactory.<clinit>(VMPluginFactory.java:43)
at io.restassured.authentication.NoAuthScheme.$getStaticMetaClass(NoAuthScheme.groovy)
at io.restassured.authentication.NoAuthScheme.<init>(NoAuthScheme.groovy)
at io.restassured.RestAssured.<clinit>(RestAssured.java:355)
at test.VowelTest.vowelTest(VowelTest.java:18)
... Removed 31 stack frames]]>
    </failure>
  </testcase> <!-- vowelTest -->
  <testcase classname="test.VowelTest" name="vowelTest" time="0.001">
    <failure type="java.lang.NoClassDefFoundError" message="Could not initialize class io.restassured.RestAssured">
      <![CDATA[java.lang.NoClassDefFoundError: Could not initialize class io.restassured.RestAssured
at test.VowelTest.vowelTest(VowelTest.java:18)
... Removed 29 stack frames]]>
    </failure>
  </testcase> <!-- vowelTest -->
  <testcase classname="test.VowelTest" name="vowelTest" time="0.001">
    <failure type="java.lang.NoClassDefFoundError" message="Could not initialize class io.restassured.RestAssured">
      <![CDATA[java.lang.NoClassDefFoundError: Could not initialize class io.restassured.RestAssured
at test.VowelTest.vowelTest(VowelTest.java:18)
... Removed 29 stack frames]]>
    </failure>
  </testcase> <!-- vowelTest -->
  <testcase classname="test.VowelTest" name="vowelTest" time="0.001">
    <failure type="java.lang.NoClassDefFoundError" message="Could not initialize class io.restassured.RestAssured">
      <![CDATA[java.lang.NoClassDefFoundError: Could not initialize class io.restassured.RestAssured
at test.VowelTest.vowelTest(VowelTest.java:18)
... Removed 29 stack frames]]>
    </failure>
  </testcase> <!-- vowelTest -->
  <testcase classname="test.VowelTest" name="vowelTest" time="0.001">
    <failure type="java.lang.NoClassDefFoundError" message="Could not initialize class io.restassured.RestAssured">
      <![CDATA[java.lang.NoClassDefFoundError: Could not initialize class io.restassured.RestAssured
at test.VowelTest.vowelTest(VowelTest.java:18)
... Removed 29 stack frames]]>
    </failure>
  </testcase> <!-- vowelTest -->
  <testcase classname="test.VowelTest" name="vowelTest" time="0.001">
    <failure type="java.lang.NoClassDefFoundError" message="Could not initialize class io.restassured.RestAssured">
      <![CDATA[java.lang.NoClassDefFoundError: Could not initialize class io.restassured.RestAssured
at test.VowelTest.vowelTest(VowelTest.java:18)
... Removed 29 stack frames]]>
    </failure>
  </testcase> <!-- vowelTest -->
  <testcase classname="test.VowelTest" name="vowelTest" time="0.0">
    <failure type="java.lang.NoClassDefFoundError" message="Could not initialize class io.restassured.RestAssured">
      <![CDATA[java.lang.NoClassDefFoundError: Could not initialize class io.restassured.RestAssured
at test.VowelTest.vowelTest(VowelTest.java:18)
... Removed 29 stack frames]]>
    </failure>
  </testcase> <!-- vowelTest -->
  <testcase classname="test.VowelTest" name="vowelTest" time="0.0">
    <failure type="java.lang.NoClassDefFoundError" message="Could not initialize class io.restassured.RestAssured">
      <![CDATA[java.lang.NoClassDefFoundError: Could not initialize class io.restassured.RestAssured
at test.VowelTest.vowelTest(VowelTest.java:18)
... Removed 29 stack frames]]>
    </failure>
  </testcase> <!-- vowelTest -->
</testsuite> <!-- Api Tests -->
